[debug] [2025-06-02T15:20:33.815Z] ----------------------------------------------------------------------
[debug] [2025-06-02T15:20:33.821Z] Command:       C:\Program Files\nodejs\node.exe C:\Users\Gladys\AppData\Roaming\npm\node_modules\firebase-tools\lib\bin\firebase.js emulators:start
[debug] [2025-06-02T15:20:33.822Z] CLI Version:   14.3.1
[debug] [2025-06-02T15:20:33.822Z] Platform:      win32
[debug] [2025-06-02T15:20:33.822Z] Node Version:  v22.16.0
[debug] [2025-06-02T15:20:33.823Z] Time:          Mon Jun 02 2025 17:20:33 GMT+0200 (South Africa Standard Time)
[debug] [2025-06-02T15:20:33.823Z] ----------------------------------------------------------------------
[debug] 
[debug] [2025-06-02T15:20:34.486Z] > command requires scopes: ["email","openid","https://www.googleapis.com/auth/cloudplatformprojects.readonly","https://www.googleapis.com/auth/firebase","https://www.googleapis.com/auth/cloud-platform"]
[debug] [2025-06-02T15:20:34.487Z] > authorizing via signed-in user (gcwabepateka29@gmail.com)
[info] i  emulators: Starting emulators: functions, hosting, extensions {"metadata":{"emulator":{"name":"hub"},"message":"Starting emulators: functions, hosting, extensions"}}
[debug] [2025-06-02T15:20:34.496Z] Checked if tokens are valid: true, expires at: 1748881154850
[debug] [2025-06-02T15:20:34.496Z] Checked if tokens are valid: true, expires at: 1748881154850
[debug] [2025-06-02T15:20:34.498Z] >>> [apiv2][query] GET https://serviceusage.googleapis.com/v1/projects/updated-clone-bd7d3/services/cloudresourcemanager.googleapis.com [none]
[debug] [2025-06-02T15:20:34.498Z] >>> [apiv2][(partial)header] GET https://serviceusage.googleapis.com/v1/projects/updated-clone-bd7d3/services/cloudresourcemanager.googleapis.com x-goog-quota-user=projects/updated-clone-bd7d3
[debug] [2025-06-02T15:20:36.488Z] <<< [apiv2][status] GET https://serviceusage.googleapis.com/v1/projects/updated-clone-bd7d3/services/cloudresourcemanager.googleapis.com 200
[debug] [2025-06-02T15:20:36.489Z] <<< [apiv2][body] GET https://serviceusage.googleapis.com/v1/projects/updated-clone-bd7d3/services/cloudresourcemanager.googleapis.com [omitted]
[debug] [2025-06-02T15:20:36.490Z] Checked if tokens are valid: true, expires at: 1748881154850
[debug] [2025-06-02T15:20:36.490Z] Checked if tokens are valid: true, expires at: 1748881154850
[debug] [2025-06-02T15:20:36.490Z] >>> [apiv2][query] GET https://cloudresourcemanager.googleapis.com/v1/projects/updated-clone-bd7d3 [none]
[debug] [2025-06-02T15:20:38.237Z] <<< [apiv2][status] GET https://cloudresourcemanager.googleapis.com/v1/projects/updated-clone-bd7d3 200
[debug] [2025-06-02T15:20:38.237Z] <<< [apiv2][body] GET https://cloudresourcemanager.googleapis.com/v1/projects/updated-clone-bd7d3 {"projectNumber":"866546144497","projectId":"updated-clone-bd7d3","lifecycleState":"ACTIVE","name":"amazon-updated-clone","labels":{"firebase":"enabled","firebase-core":"disabled"},"createTime":"2025-05-29T20:33:08.544208Z"}
[debug] [2025-06-02T15:20:38.267Z] [logging] Logging Emulator only supports listening on one address (127.0.0.1). Not listening on ::1
[debug] [2025-06-02T15:20:38.267Z] [hosting] Hosting Emulator only supports listening on one address (127.0.0.1). Not listening on ::1
[debug] [2025-06-02T15:20:38.267Z] assigned listening specs for emulators {"user":{"hub":[{"address":"127.0.0.1","family":"IPv4","port":4400},{"address":"::1","family":"IPv6","port":4400}],"ui":[{"address":"127.0.0.1","family":"IPv4","port":4000},{"address":"::1","family":"IPv6","port":4000}],"logging":[{"address":"127.0.0.1","family":"IPv4","port":4500}],"hosting":[{"address":"127.0.0.1","family":"IPv4","port":5000}]},"metadata":{"message":"assigned listening specs for emulators"}}
[debug] [2025-06-02T15:20:38.278Z] [hub] writing locator at C:\Users\Gladys\AppData\Local\Temp\hub-updated-clone-bd7d3.json
[debug] [2025-06-02T15:20:38.293Z] [Extensions] Started Extensions emulator, this is a noop.
[debug] [2025-06-02T15:20:38.306Z] [functions] Functions Emulator only supports listening on one address (127.0.0.1). Not listening on ::1
[debug] [2025-06-02T15:20:38.306Z] [eventarc] Eventarc Emulator only supports listening on one address (127.0.0.1). Not listening on ::1
[debug] [2025-06-02T15:20:38.307Z] [tasks] Cloud Tasks Emulator only supports listening on one address (127.0.0.1). Not listening on ::1
[debug] [2025-06-02T15:20:38.307Z] late-assigned ports for functions and eventarc emulators {"user":{"hub":[{"address":"127.0.0.1","family":"IPv4","port":4400},{"address":"::1","family":"IPv6","port":4400}],"ui":[{"address":"127.0.0.1","family":"IPv4","port":4000},{"address":"::1","family":"IPv6","port":4000}],"logging":[{"address":"127.0.0.1","family":"IPv4","port":4500}],"hosting":[{"address":"127.0.0.1","family":"IPv4","port":5000}],"functions":[{"address":"127.0.0.1","family":"IPv4","port":5001}],"eventarc":[{"address":"127.0.0.1","family":"IPv4","port":9299}],"tasks":[{"address":"127.0.0.1","family":"IPv4","port":9499}]},"metadata":{"message":"late-assigned ports for functions and eventarc emulators"}}
[warn] !  functions: The following emulators are not running, calls to these services from the Functions emulator will affect production: apphosting, auth, firestore, database, pubsub, storage, dataconnect {"metadata":{"emulator":{"name":"functions"},"message":"The following emulators are not running, calls to these services from the Functions emulator will affect production: \u001b[1mapphosting, auth, firestore, database, pubsub, storage, dataconnect\u001b[22m"}}
[debug] [2025-06-02T15:20:38.349Z] defaultcredentials: writing to file C:\Users\Gladys\AppData\Roaming\firebase\gcwabepateka29_gmail_com_application_default_credentials.json
[debug] [2025-06-02T15:20:38.354Z] Setting GAC to C:\Users\Gladys\AppData\Roaming\firebase\gcwabepateka29_gmail_com_application_default_credentials.json {"metadata":{"emulator":{"name":"functions"},"message":"Setting GAC to C:\\Users\\Gladys\\AppData\\Roaming\\firebase\\gcwabepateka29_gmail_com_application_default_credentials.json"}}
[debug] [2025-06-02T15:20:38.355Z] Checked if tokens are valid: true, expires at: 1748881154850
[debug] [2025-06-02T15:20:38.356Z] Checked if tokens are valid: true, expires at: 1748881154850
[debug] [2025-06-02T15:20:38.358Z] >>> [apiv2][query] GET https://firebase.googleapis.com/v1beta1/projects/updated-clone-bd7d3/adminSdkConfig [none]
[debug] [2025-06-02T15:20:39.026Z] <<< [apiv2][status] GET https://firebase.googleapis.com/v1beta1/projects/updated-clone-bd7d3/adminSdkConfig 200
[debug] [2025-06-02T15:20:39.027Z] <<< [apiv2][body] GET https://firebase.googleapis.com/v1beta1/projects/updated-clone-bd7d3/adminSdkConfig {"projectId":"updated-clone-bd7d3","storageBucket":"updated-clone-bd7d3.firebasestorage.app"}
[debug] [2025-06-02T15:20:39.064Z] Checked if tokens are valid: true, expires at: 1748881154850
[debug] [2025-06-02T15:20:39.065Z] Checked if tokens are valid: true, expires at: 1748881154850
[debug] [2025-06-02T15:20:39.065Z] >>> [apiv2][query] GET https://firebasehosting.googleapis.com/v1beta1/projects/updated-clone-bd7d3/sites 
[debug] [2025-06-02T15:20:40.945Z] <<< [apiv2][status] GET https://firebasehosting.googleapis.com/v1beta1/projects/updated-clone-bd7d3/sites 200
[debug] [2025-06-02T15:20:40.946Z] <<< [apiv2][body] GET https://firebasehosting.googleapis.com/v1beta1/projects/updated-clone-bd7d3/sites {"sites":[{"name":"projects/updated-clone-bd7d3/sites/updated-clone-bd7d3","defaultUrl":"https://updated-clone-bd7d3.web.app","appId":"1:866546144497:web:47732e64c15ca880e30550","type":"DEFAULT_SITE"}]}
[debug] [2025-06-02T15:20:40.946Z] Checked if tokens are valid: true, expires at: 1748881154850
[debug] [2025-06-02T15:20:40.946Z] Checked if tokens are valid: true, expires at: 1748881154850
[debug] [2025-06-02T15:20:40.946Z] >>> [apiv2][query] GET https://firebase.googleapis.com/v1beta1/projects/updated-clone-bd7d3/webApps/1:866546144497:web:47732e64c15ca880e30550/config [none]
[debug] [2025-06-02T15:20:41.707Z] <<< [apiv2][status] GET https://firebase.googleapis.com/v1beta1/projects/updated-clone-bd7d3/webApps/1:866546144497:web:47732e64c15ca880e30550/config 200
[debug] [2025-06-02T15:20:41.708Z] <<< [apiv2][body] GET https://firebase.googleapis.com/v1beta1/projects/updated-clone-bd7d3/webApps/1:866546144497:web:47732e64c15ca880e30550/config {"projectId":"updated-clone-bd7d3","appId":"1:866546144497:web:47732e64c15ca880e30550","storageBucket":"updated-clone-bd7d3.firebasestorage.app","apiKey":"AIzaSyC6SXGYRvE5_vlxeuDOrck5GdTV2EMAi2s","authDomain":"updated-clone-bd7d3.firebaseapp.com","messagingSenderId":"866546144497","measurementId":"G-28H65CS2G5"}
[debug] [2025-06-02T15:20:41.716Z] Checked if tokens are valid: true, expires at: 1748881154850
[debug] [2025-06-02T15:20:41.717Z] Checked if tokens are valid: true, expires at: 1748881154850
[debug] [2025-06-02T15:20:41.717Z] >>> [apiv2][query] GET https://firebase.googleapis.com/v1beta1/projects/updated-clone-bd7d3 [none]
[debug] [2025-06-02T15:20:42.100Z] <<< [apiv2][status] GET https://firebase.googleapis.com/v1beta1/projects/updated-clone-bd7d3 200
[debug] [2025-06-02T15:20:42.100Z] <<< [apiv2][body] GET https://firebase.googleapis.com/v1beta1/projects/updated-clone-bd7d3 {"projectId":"updated-clone-bd7d3","projectNumber":"866546144497","displayName":"amazon-updated-clone","name":"projects/updated-clone-bd7d3","resources":{"hostingSite":"updated-clone-bd7d3"},"state":"ACTIVE","etag":"1_683dca0a-5ac0-4315-9765-efd8c549f4f6"}
[info] i  hosting[updated-clone-bd7d3]: Serving hosting files from: build {"metadata":{"emulator":{"name":"hosting"},"message":"Serving hosting files from: \u001b[1mbuild\u001b[22m"}}
[info] +  hosting[updated-clone-bd7d3]: Local server: http://127.0.0.1:5000 {"metadata":{"emulator":{"name":"hosting"},"message":"Local server: \u001b[4m\u001b[1mhttp://127.0.0.1:5000\u001b[22m\u001b[24m"}}
[debug] [2025-06-02T15:20:42.155Z] [Extensions] Connecting Extensions emulator, this is a noop.
[info] i  functions: Watching "C:\Users\Gladys\OneDrive\Desktop\amazon-clone\amazon-clone\functions" for Cloud Functions... {"metadata":{"emulator":{"name":"functions"},"message":"Watching \"C:\\Users\\Gladys\\OneDrive\\Desktop\\amazon-clone\\amazon-clone\\functions\" for Cloud Functions..."}}
[debug] [2025-06-02T15:20:42.191Z] Validating nodejs source
[debug] [2025-06-02T15:20:45.335Z] > [functions] package.json contents: {
  "name": "functions",
  "description": "Cloud Functions for Firebase",
  "scripts": {
    "lint": "eslint .",
    "serve": "firebase emulators:start --only functions",
    "shell": "firebase functions:shell",
    "start": "npm run shell",
    "deploy": "firebase deploy --only functions",
    "logs": "firebase functions:log"
  },
  "engines": {
    "node": "22"
  },
  "main": "index.js",
  "dependencies": {
    "cors": "^2.8.5",
    "express": "^5.1.0",
    "firebase-admin": "^12.6.0",
    "firebase-functions": "^6.0.1",
    "stripe": "^18.0.0"
  },
  "devDependencies": {
    "eslint": "^8.15.0",
    "eslint-config-google": "^0.14.0",
    "firebase-functions-test": "^3.1.0"
  },
  "private": true
}
[debug] [2025-06-02T15:20:45.335Z] Building nodejs source
[debug] [2025-06-02T15:20:45.336Z] Failed to find version of module node: reached end of search path C:\Users\Gladys\OneDrive\Desktop\amazon-clone\amazon-clone\functions\node_modules
[info] +  functions: Using node@22 from host. 
[debug] [2025-06-02T15:20:45.342Z] Could not find functions.yaml. Must use http discovery
[debug] [2025-06-02T15:20:45.365Z] Found firebase-functions binary at 'C:\Users\Gladys\OneDrive\Desktop\amazon-clone\amazon-clone\functions\node_modules\.bin\firebase-functions'
[info] Serving at port 8695

[debug] [2025-06-02T15:20:48.734Z] Got response from /__/functions.yaml {"endpoints":{"api":{"availableMemoryMb":null,"timeoutSeconds":null,"minInstances":null,"maxInstances":null,"ingressSettings":null,"concurrency":null,"serviceAccountEmail":null,"vpc":null,"platform":"gcfv2","labels":{},"httpsTrigger":{},"entryPoint":"api"}},"specVersion":"v1alpha1","requiredAPIs":[],"extensions":{}}
[debug] [2025-06-02T15:20:52.801Z] defaultcredentials: writing to file C:\Users\Gladys\AppData\Roaming\firebase\gcwabepateka29_gmail_com_application_default_credentials.json
[debug] [2025-06-02T15:20:52.803Z] Setting GAC to C:\Users\Gladys\AppData\Roaming\firebase\gcwabepateka29_gmail_com_application_default_credentials.json {"metadata":{"emulator":{"name":"functions"},"message":"Setting GAC to C:\\Users\\Gladys\\AppData\\Roaming\\firebase\\gcwabepateka29_gmail_com_application_default_credentials.json"}}
[info] +  functions: Loaded functions definitions from source: api. {"metadata":{"emulator":{"name":"functions"},"message":"Loaded functions definitions from source: api."}}
[info] +  functions[us-central1-api]: http function initialized (http://127.0.0.1:5001/updated-clone-bd7d3/us-central1/api). {"metadata":{"emulator":{"name":"functions"},"message":"\u001b[1mhttp\u001b[22m function initialized (http://127.0.0.1:5001/updated-clone-bd7d3/us-central1/api)."}}
[debug] [2025-06-02T15:20:52.821Z] Could not find VSCode notification endpoint: FetchError: request to http://localhost:40001/vscode/notify failed, reason: . If you are not running the Firebase Data Connect VSCode extension, this is expected and not an issue.
[info] 
┌─────────────────────────────────────────────────────────────┐
│ ✔  All emulators ready! It is now safe to connect your app. │
│ i  View Emulator UI at http://127.0.0.1:4000/               │
└─────────────────────────────────────────────────────────────┘

┌────────────┬────────────────┬──────────────────────────────────┐
│ Emulator   │ Host:Port      │ View in Emulator UI              │
├────────────┼────────────────┼──────────────────────────────────┤
│ Functions  │ 127.0.0.1:5001 │ http://127.0.0.1:4000/functions  │
├────────────┼────────────────┼──────────────────────────────────┤
│ Hosting    │ 127.0.0.1:5000 │ n/a                              │
├────────────┼────────────────┼──────────────────────────────────┤
│ Extensions │ 127.0.0.1:5001 │ http://127.0.0.1:4000/extensions │
└────────────┴────────────────┴──────────────────────────────────┘
  Emulator Hub host: 127.0.0.1 port: 4400
  Other reserved ports: 4500
┌─────────────────────────┬───────────────┬─────────────────────┐
│ Extension Instance Name │ Extension Ref │ View in Emulator UI │
└─────────────────────────┴───────────────┴─────────────────────┘
Issues? Report them at https://github.com/firebase/firebase-tools/issues and attach the *-debug.log files.
 
[debug] [2025-06-02T15:22:01.926Z] [work-queue] {"queuedWork":["/updated-clone-bd7d3/us-central1/api/payments/create-2025-06-02T15:22:01.921Z"],"queueLength":1,"runningWork":[],"workRunningCount":0}
[debug] [2025-06-02T15:22:01.934Z] [work-queue] {"queuedWork":[],"queueLength":0,"runningWork":["/updated-clone-bd7d3/us-central1/api/payments/create-2025-06-02T15:22:01.921Z"],"workRunningCount":1}
[debug] [2025-06-02T15:22:01.954Z] Accepted request POST /updated-clone-bd7d3/us-central1/api/payments/create?total=202527 --> us-central1-api
[debug] [2025-06-02T15:22:01.981Z] [functions] Runtime ready! Sending request! {"metadata":{"emulator":{"name":"functions"},"message":"[functions] Runtime ready! Sending request!"}}
[debug] [2025-06-02T15:22:01.982Z] [functions] Got req.url=/updated-clone-bd7d3/us-central1/api/payments/create?total=202527, mapping to path=/payments/create?total=202527 {"metadata":{"emulator":{"name":"functions"},"message":"[functions] Got req.url=/updated-clone-bd7d3/us-central1/api/payments/create?total=202527, mapping to path=/payments/create?total=202527"}}
[debug] [2025-06-02T15:22:02.046Z] [worker-pool] addWorker(us-central1-api) {"metadata":{"emulator":{"name":"functions"},"message":"[worker-pool] addWorker(us-central1-api)"}}
[debug] [2025-06-02T15:22:02.049Z] [worker-pool] Adding worker with key us-central1-api, total=1 {"metadata":{"emulator":{"name":"functions"},"message":"[worker-pool] Adding worker with key us-central1-api, total=1"}}
[debug] [2025-06-02T15:22:02.062Z] [work-queue] {"queuedWork":["/updated-clone-bd7d3/us-central1/api/payments/create-2025-06-02T15:22:02.062Z"],"queueLength":1,"runningWork":["/updated-clone-bd7d3/us-central1/api/payments/create-2025-06-02T15:22:01.921Z"],"workRunningCount":1}
[debug] [2025-06-02T15:22:02.062Z] [work-queue] {"queuedWork":[],"queueLength":0,"runningWork":["/updated-clone-bd7d3/us-central1/api/payments/create-2025-06-02T15:22:01.921Z","/updated-clone-bd7d3/us-central1/api/payments/create-2025-06-02T15:22:02.062Z"],"workRunningCount":2}
[debug] [2025-06-02T15:22:02.062Z] Accepted request POST /updated-clone-bd7d3/us-central1/api/payments/create?total=202527 --> us-central1-api
[debug] [2025-06-02T15:22:02.068Z] [functions] Runtime ready! Sending request! {"metadata":{"emulator":{"name":"functions"},"message":"[functions] Runtime ready! Sending request!"}}
[debug] [2025-06-02T15:22:02.068Z] [functions] Got req.url=/updated-clone-bd7d3/us-central1/api/payments/create?total=202527, mapping to path=/payments/create?total=202527 {"metadata":{"emulator":{"name":"functions"},"message":"[functions] Got req.url=/updated-clone-bd7d3/us-central1/api/payments/create?total=202527, mapping to path=/payments/create?total=202527"}}
[debug] [2025-06-02T15:22:02.104Z] [worker-pool] addWorker(us-central1-api) {"metadata":{"emulator":{"name":"functions"},"message":"[worker-pool] addWorker(us-central1-api)"}}
[debug] [2025-06-02T15:22:02.105Z] [worker-pool] Adding worker with key us-central1-api, total=2 {"metadata":{"emulator":{"name":"functions"},"message":"[worker-pool] Adding worker with key us-central1-api, total=2"}}
[debug] [2025-06-02T15:22:08.186Z] [runtime-status] [12068] Resolved module firebase-admin {"declared":true,"installed":true,"version":"12.7.0","resolution":"C:\\Users\\Gladys\\OneDrive\\Desktop\\amazon-clone\\amazon-clone\\functions\\node_modules\\firebase-admin\\lib\\index.js"} {"metadata":{"emulator":{"name":"functions"},"function":{"name":"us-central1-api"},"extension":{},"message":"[runtime-status] [12068] Resolved module firebase-admin {\"declared\":true,\"installed\":true,\"version\":\"12.7.0\",\"resolution\":\"C:\\\\Users\\\\Gladys\\\\OneDrive\\\\Desktop\\\\amazon-clone\\\\amazon-clone\\\\functions\\\\node_modules\\\\firebase-admin\\\\lib\\\\index.js\"}"}}
[debug] [2025-06-02T15:22:08.188Z] [runtime-status] [14736] Resolved module firebase-admin {"declared":true,"installed":true,"version":"12.7.0","resolution":"C:\\Users\\Gladys\\OneDrive\\Desktop\\amazon-clone\\amazon-clone\\functions\\node_modules\\firebase-admin\\lib\\index.js"} {"metadata":{"emulator":{"name":"functions"},"function":{"name":"us-central1-api"},"extension":{},"message":"[runtime-status] [14736] Resolved module firebase-admin {\"declared\":true,\"installed\":true,\"version\":\"12.7.0\",\"resolution\":\"C:\\\\Users\\\\Gladys\\\\OneDrive\\\\Desktop\\\\amazon-clone\\\\amazon-clone\\\\functions\\\\node_modules\\\\firebase-admin\\\\lib\\\\index.js\"}"}}
[debug] [2025-06-02T15:22:08.193Z] [runtime-status] [14736] Resolved module firebase-functions {"declared":true,"installed":true,"version":"6.3.2","resolution":"C:\\Users\\Gladys\\OneDrive\\Desktop\\amazon-clone\\amazon-clone\\functions\\node_modules\\firebase-functions\\lib\\v2\\index.js"} {"metadata":{"emulator":{"name":"functions"},"function":{"name":"us-central1-api"},"extension":{},"message":"[runtime-status] [14736] Resolved module firebase-functions {\"declared\":true,\"installed\":true,\"version\":\"6.3.2\",\"resolution\":\"C:\\\\Users\\\\Gladys\\\\OneDrive\\\\Desktop\\\\amazon-clone\\\\amazon-clone\\\\functions\\\\node_modules\\\\firebase-functions\\\\lib\\\\v2\\\\index.js\"}"}}
[debug] [2025-06-02T15:22:08.194Z] [runtime-status] [12068] Resolved module firebase-functions {"declared":true,"installed":true,"version":"6.3.2","resolution":"C:\\Users\\Gladys\\OneDrive\\Desktop\\amazon-clone\\amazon-clone\\functions\\node_modules\\firebase-functions\\lib\\v2\\index.js"} {"metadata":{"emulator":{"name":"functions"},"function":{"name":"us-central1-api"},"extension":{},"message":"[runtime-status] [12068] Resolved module firebase-functions {\"declared\":true,\"installed\":true,\"version\":\"6.3.2\",\"resolution\":\"C:\\\\Users\\\\Gladys\\\\OneDrive\\\\Desktop\\\\amazon-clone\\\\amazon-clone\\\\functions\\\\node_modules\\\\firebase-functions\\\\lib\\\\v2\\\\index.js\"}"}}
[debug] [2025-06-02T15:22:08.195Z] [runtime-status] [14736] Outgoing network have been stubbed. [{"name":"http","status":"mocked"},{"name":"http","status":"mocked"},{"name":"https","status":"mocked"},{"name":"https","status":"mocked"},{"name":"net","status":"mocked"}] {"metadata":{"emulator":{"name":"functions"},"function":{"name":"us-central1-api"},"extension":{},"message":"[runtime-status] [14736] Outgoing network have been stubbed. [{\"name\":\"http\",\"status\":\"mocked\"},{\"name\":\"http\",\"status\":\"mocked\"},{\"name\":\"https\",\"status\":\"mocked\"},{\"name\":\"https\",\"status\":\"mocked\"},{\"name\":\"net\",\"status\":\"mocked\"}]"}}
[debug] [2025-06-02T15:22:08.196Z] [runtime-status] [12068] Outgoing network have been stubbed. [{"name":"http","status":"mocked"},{"name":"http","status":"mocked"},{"name":"https","status":"mocked"},{"name":"https","status":"mocked"},{"name":"net","status":"mocked"}] {"metadata":{"emulator":{"name":"functions"},"function":{"name":"us-central1-api"},"extension":{},"message":"[runtime-status] [12068] Outgoing network have been stubbed. [{\"name\":\"http\",\"status\":\"mocked\"},{\"name\":\"http\",\"status\":\"mocked\"},{\"name\":\"https\",\"status\":\"mocked\"},{\"name\":\"https\",\"status\":\"mocked\"},{\"name\":\"net\",\"status\":\"mocked\"}]"}}
[debug] [2025-06-02T15:22:08.199Z] [runtime-status] [14736] Resolved module firebase-functions {"declared":true,"installed":true,"version":"6.3.2","resolution":"C:\\Users\\Gladys\\OneDrive\\Desktop\\amazon-clone\\amazon-clone\\functions\\node_modules\\firebase-functions\\lib\\v2\\index.js"} {"metadata":{"emulator":{"name":"functions"},"function":{"name":"us-central1-api"},"extension":{},"message":"[runtime-status] [14736] Resolved module firebase-functions {\"declared\":true,\"installed\":true,\"version\":\"6.3.2\",\"resolution\":\"C:\\\\Users\\\\Gladys\\\\OneDrive\\\\Desktop\\\\amazon-clone\\\\amazon-clone\\\\functions\\\\node_modules\\\\firebase-functions\\\\lib\\\\v2\\\\index.js\"}"}}
[debug] [2025-06-02T15:22:08.199Z] [runtime-status] [12068] Resolved module firebase-functions {"declared":true,"installed":true,"version":"6.3.2","resolution":"C:\\Users\\Gladys\\OneDrive\\Desktop\\amazon-clone\\amazon-clone\\functions\\node_modules\\firebase-functions\\lib\\v2\\index.js"} {"metadata":{"emulator":{"name":"functions"},"function":{"name":"us-central1-api"},"extension":{},"message":"[runtime-status] [12068] Resolved module firebase-functions {\"declared\":true,\"installed\":true,\"version\":\"6.3.2\",\"resolution\":\"C:\\\\Users\\\\Gladys\\\\OneDrive\\\\Desktop\\\\amazon-clone\\\\amazon-clone\\\\functions\\\\node_modules\\\\firebase-functions\\\\lib\\\\v2\\\\index.js\"}"}}
[debug] [2025-06-02T15:22:10.105Z] [runtime-status] [12068] Checked functions.config() {"config":{}} {"metadata":{"emulator":{"name":"functions"},"function":{"name":"us-central1-api"},"extension":{},"message":"[runtime-status] [12068] Checked functions.config() {\"config\":{}}"}}
[debug] [2025-06-02T15:22:10.106Z] [runtime-status] [14736] Checked functions.config() {"config":{}} {"metadata":{"emulator":{"name":"functions"},"function":{"name":"us-central1-api"},"extension":{},"message":"[runtime-status] [14736] Checked functions.config() {\"config\":{}}"}}
[debug] [2025-06-02T15:22:10.107Z] [runtime-status] [12068] firebase-functions has been stubbed. {"functionsResolution":{"declared":true,"installed":true,"version":"6.3.2","resolution":"C:\\Users\\Gladys\\OneDrive\\Desktop\\amazon-clone\\amazon-clone\\functions\\node_modules\\firebase-functions\\lib\\v2\\index.js"}} {"metadata":{"emulator":{"name":"functions"},"function":{"name":"us-central1-api"},"extension":{},"message":"[runtime-status] [12068] firebase-functions has been stubbed. {\"functionsResolution\":{\"declared\":true,\"installed\":true,\"version\":\"6.3.2\",\"resolution\":\"C:\\\\Users\\\\Gladys\\\\OneDrive\\\\Desktop\\\\amazon-clone\\\\amazon-clone\\\\functions\\\\node_modules\\\\firebase-functions\\\\lib\\\\v2\\\\index.js\"}}"}}
[debug] [2025-06-02T15:22:10.107Z] [runtime-status] [14736] firebase-functions has been stubbed. {"functionsResolution":{"declared":true,"installed":true,"version":"6.3.2","resolution":"C:\\Users\\Gladys\\OneDrive\\Desktop\\amazon-clone\\amazon-clone\\functions\\node_modules\\firebase-functions\\lib\\v2\\index.js"}} {"metadata":{"emulator":{"name":"functions"},"function":{"name":"us-central1-api"},"extension":{},"message":"[runtime-status] [14736] firebase-functions has been stubbed. {\"functionsResolution\":{\"declared\":true,\"installed\":true,\"version\":\"6.3.2\",\"resolution\":\"C:\\\\Users\\\\Gladys\\\\OneDrive\\\\Desktop\\\\amazon-clone\\\\amazon-clone\\\\functions\\\\node_modules\\\\firebase-functions\\\\lib\\\\v2\\\\index.js\"}}"}}
[debug] [2025-06-02T15:22:10.109Z] [runtime-status] [14736] Resolved module firebase-functions {"declared":true,"installed":true,"version":"6.3.2","resolution":"C:\\Users\\Gladys\\OneDrive\\Desktop\\amazon-clone\\amazon-clone\\functions\\node_modules\\firebase-functions\\lib\\v2\\index.js"} {"metadata":{"emulator":{"name":"functions"},"function":{"name":"us-central1-api"},"extension":{},"message":"[runtime-status] [14736] Resolved module firebase-functions {\"declared\":true,\"installed\":true,\"version\":\"6.3.2\",\"resolution\":\"C:\\\\Users\\\\Gladys\\\\OneDrive\\\\Desktop\\\\amazon-clone\\\\amazon-clone\\\\functions\\\\node_modules\\\\firebase-functions\\\\lib\\\\v2\\\\index.js\"}"}}
[debug] [2025-06-02T15:22:10.125Z] [runtime-status] [12068] Resolved module firebase-functions {"declared":true,"installed":true,"version":"6.3.2","resolution":"C:\\Users\\Gladys\\OneDrive\\Desktop\\amazon-clone\\amazon-clone\\functions\\node_modules\\firebase-functions\\lib\\v2\\index.js"} {"metadata":{"emulator":{"name":"functions"},"function":{"name":"us-central1-api"},"extension":{},"message":"[runtime-status] [12068] Resolved module firebase-functions {\"declared\":true,\"installed\":true,\"version\":\"6.3.2\",\"resolution\":\"C:\\\\Users\\\\Gladys\\\\OneDrive\\\\Desktop\\\\amazon-clone\\\\amazon-clone\\\\functions\\\\node_modules\\\\firebase-functions\\\\lib\\\\v2\\\\index.js\"}"}}
[debug] [2025-06-02T15:22:10.320Z] [runtime-status] [12068] Resolved module firebase-admin {"declared":true,"installed":true,"version":"12.7.0","resolution":"C:\\Users\\Gladys\\OneDrive\\Desktop\\amazon-clone\\amazon-clone\\functions\\node_modules\\firebase-admin\\lib\\index.js"} {"metadata":{"emulator":{"name":"functions"},"function":{"name":"us-central1-api"},"extension":{},"message":"[runtime-status] [12068] Resolved module firebase-admin {\"declared\":true,\"installed\":true,\"version\":\"12.7.0\",\"resolution\":\"C:\\\\Users\\\\Gladys\\\\OneDrive\\\\Desktop\\\\amazon-clone\\\\amazon-clone\\\\functions\\\\node_modules\\\\firebase-admin\\\\lib\\\\index.js\"}"}}
[debug] [2025-06-02T15:22:10.320Z] [runtime-status] [14736] Resolved module firebase-admin {"declared":true,"installed":true,"version":"12.7.0","resolution":"C:\\Users\\Gladys\\OneDrive\\Desktop\\amazon-clone\\amazon-clone\\functions\\node_modules\\firebase-admin\\lib\\index.js"} {"metadata":{"emulator":{"name":"functions"},"function":{"name":"us-central1-api"},"extension":{},"message":"[runtime-status] [14736] Resolved module firebase-admin {\"declared\":true,\"installed\":true,\"version\":\"12.7.0\",\"resolution\":\"C:\\\\Users\\\\Gladys\\\\OneDrive\\\\Desktop\\\\amazon-clone\\\\amazon-clone\\\\functions\\\\node_modules\\\\firebase-admin\\\\lib\\\\index.js\"}"}}
[debug] [2025-06-02T15:22:10.473Z] [runtime-status] [12068] Resolved module firebase-functions {"declared":true,"installed":true,"version":"6.3.2","resolution":"C:\\Users\\Gladys\\OneDrive\\Desktop\\amazon-clone\\amazon-clone\\functions\\node_modules\\firebase-functions\\lib\\v2\\index.js"} {"metadata":{"emulator":{"name":"functions"},"function":{"name":"us-central1-api"},"extension":{},"message":"[runtime-status] [12068] Resolved module firebase-functions {\"declared\":true,\"installed\":true,\"version\":\"6.3.2\",\"resolution\":\"C:\\\\Users\\\\Gladys\\\\OneDrive\\\\Desktop\\\\amazon-clone\\\\amazon-clone\\\\functions\\\\node_modules\\\\firebase-functions\\\\lib\\\\v2\\\\index.js\"}"}}
[debug] [2025-06-02T15:22:10.475Z] [runtime-status] [12068] firebase-admin has been stubbed. {"adminResolution":{"declared":true,"installed":true,"version":"12.7.0","resolution":"C:\\Users\\Gladys\\OneDrive\\Desktop\\amazon-clone\\amazon-clone\\functions\\node_modules\\firebase-admin\\lib\\index.js"}} {"metadata":{"emulator":{"name":"functions"},"function":{"name":"us-central1-api"},"extension":{},"message":"[runtime-status] [12068] firebase-admin has been stubbed. {\"adminResolution\":{\"declared\":true,\"installed\":true,\"version\":\"12.7.0\",\"resolution\":\"C:\\\\Users\\\\Gladys\\\\OneDrive\\\\Desktop\\\\amazon-clone\\\\amazon-clone\\\\functions\\\\node_modules\\\\firebase-admin\\\\lib\\\\index.js\"}}"}}
[debug] [2025-06-02T15:22:10.486Z] [runtime-status] [14736] Resolved module firebase-functions {"declared":true,"installed":true,"version":"6.3.2","resolution":"C:\\Users\\Gladys\\OneDrive\\Desktop\\amazon-clone\\amazon-clone\\functions\\node_modules\\firebase-functions\\lib\\v2\\index.js"} {"metadata":{"emulator":{"name":"functions"},"function":{"name":"us-central1-api"},"extension":{},"message":"[runtime-status] [14736] Resolved module firebase-functions {\"declared\":true,\"installed\":true,\"version\":\"6.3.2\",\"resolution\":\"C:\\\\Users\\\\Gladys\\\\OneDrive\\\\Desktop\\\\amazon-clone\\\\amazon-clone\\\\functions\\\\node_modules\\\\firebase-functions\\\\lib\\\\v2\\\\index.js\"}"}}
[debug] [2025-06-02T15:22:10.487Z] [runtime-status] [14736] firebase-admin has been stubbed. {"adminResolution":{"declared":true,"installed":true,"version":"12.7.0","resolution":"C:\\Users\\Gladys\\OneDrive\\Desktop\\amazon-clone\\amazon-clone\\functions\\node_modules\\firebase-admin\\lib\\index.js"}} {"metadata":{"emulator":{"name":"functions"},"function":{"name":"us-central1-api"},"extension":{},"message":"[runtime-status] [14736] firebase-admin has been stubbed. {\"adminResolution\":{\"declared\":true,\"installed\":true,\"version\":\"12.7.0\",\"resolution\":\"C:\\\\Users\\\\Gladys\\\\OneDrive\\\\Desktop\\\\amazon-clone\\\\amazon-clone\\\\functions\\\\node_modules\\\\firebase-admin\\\\lib\\\\index.js\"}}"}}
[debug] [2025-06-02T15:22:11.527Z] [runtime-status] [14736] Functions runtime initialized. {"cwd":"C:\\Users\\Gladys\\OneDrive\\Desktop\\amazon-clone\\amazon-clone\\functions","node_version":"22.16.0"} {"metadata":{"emulator":{"name":"functions"},"function":{"name":"us-central1-api"},"extension":{},"message":"[runtime-status] [14736] Functions runtime initialized. {\"cwd\":\"C:\\\\Users\\\\Gladys\\\\OneDrive\\\\Desktop\\\\amazon-clone\\\\amazon-clone\\\\functions\",\"node_version\":\"22.16.0\"}"}}
[debug] [2025-06-02T15:22:11.530Z] [runtime-status] [14736] Listening to port: \\?\pipe\fire_emu_d5320c46d0fcb409 {"metadata":{"emulator":{"name":"functions"},"function":{"name":"us-central1-api"},"extension":{},"message":"[runtime-status] [14736] Listening to port: \\\\?\\pipe\\fire_emu_d5320c46d0fcb409"}}
[debug] [2025-06-02T15:22:11.531Z] [runtime-status] [12068] Functions runtime initialized. {"cwd":"C:\\Users\\Gladys\\OneDrive\\Desktop\\amazon-clone\\amazon-clone\\functions","node_version":"22.16.0"} {"metadata":{"emulator":{"name":"functions"},"function":{"name":"us-central1-api"},"extension":{},"message":"[runtime-status] [12068] Functions runtime initialized. {\"cwd\":\"C:\\\\Users\\\\Gladys\\\\OneDrive\\\\Desktop\\\\amazon-clone\\\\amazon-clone\\\\functions\",\"node_version\":\"22.16.0\"}"}}
[debug] [2025-06-02T15:22:11.532Z] [runtime-status] [12068] Listening to port: \\?\pipe\fire_emu_318a947f9d18201d {"metadata":{"emulator":{"name":"functions"},"function":{"name":"us-central1-api"},"extension":{},"message":"[runtime-status] [12068] Listening to port: \\\\?\\pipe\\fire_emu_318a947f9d18201d"}}
[debug] [2025-06-02T15:22:11.564Z] [worker-us-central1-api-7d8cb27f-ace8-4d27-b6c9-3b2a0364c2d7]: IDLE {"metadata":{"emulator":{"name":"functions"},"function":{"name":"us-central1-api"},"extension":{},"message":"[worker-us-central1-api-7d8cb27f-ace8-4d27-b6c9-3b2a0364c2d7]: IDLE"}}
[debug] [2025-06-02T15:22:11.565Z] [worker-pool] submitRequest(triggerId=us-central1-api) {"metadata":{"emulator":{"name":"functions"},"message":"[worker-pool] submitRequest(triggerId=us-central1-api)"}}
[info] i  functions: Beginning execution of "us-central1-api" {"metadata":{"emulator":{"name":"functions"},"function":{"name":"us-central1-api"},"extension":{},"message":"Beginning execution of \"us-central1-api\""}}
[debug] [2025-06-02T15:22:11.573Z] [worker-us-central1-api-7d8cb27f-ace8-4d27-b6c9-3b2a0364c2d7]: BUSY {"metadata":{"emulator":{"name":"functions"},"function":{"name":"us-central1-api"},"extension":{},"message":"[worker-us-central1-api-7d8cb27f-ace8-4d27-b6c9-3b2a0364c2d7]: BUSY"}}
[debug] [2025-06-02T15:22:11.577Z] [worker-us-central1-api-100e102c-de3f-43c8-aae4-98a64d783fdc]: IDLE {"metadata":{"emulator":{"name":"functions"},"function":{"name":"us-central1-api"},"extension":{},"message":"[worker-us-central1-api-100e102c-de3f-43c8-aae4-98a64d783fdc]: IDLE"}}
[debug] [2025-06-02T15:22:11.577Z] [worker-pool] submitRequest(triggerId=us-central1-api) {"metadata":{"emulator":{"name":"functions"},"message":"[worker-pool] submitRequest(triggerId=us-central1-api)"}}
[info] i  functions: Beginning execution of "us-central1-api" {"metadata":{"emulator":{"name":"functions"},"function":{"name":"us-central1-api"},"extension":{},"message":"Beginning execution of \"us-central1-api\""}}
[debug] [2025-06-02T15:22:11.581Z] [worker-us-central1-api-100e102c-de3f-43c8-aae4-98a64d783fdc]: BUSY {"metadata":{"emulator":{"name":"functions"},"function":{"name":"us-central1-api"},"extension":{},"message":"[worker-us-central1-api-100e102c-de3f-43c8-aae4-98a64d783fdc]: BUSY"}}
[info] >  Payment request received  202527 {"user":"Payment request received  202527","metadata":{"emulator":{"name":"functions"},"function":{"name":"us-central1-api"},"extension":{},"message":"\u001b[90m> \u001b[39m Payment request received  202527"}}
[info] >  Payment request received  202527 {"user":"Payment request received  202527","metadata":{"emulator":{"name":"functions"},"function":{"name":"us-central1-api"},"extension":{},"message":"\u001b[90m> \u001b[39m Payment request received  202527"}}
[info] >  PaymentIntent client secret: pi_3RVaArH0vBxmYy2e1jQ1tLvy_secret_KLObSSjuTWoCAri4UBjW0BLL7 {"user":"PaymentIntent client secret: pi_3RVaArH0vBxmYy2e1jQ1tLvy_secret_KLObSSjuTWoCAri4UBjW0BLL7","metadata":{"emulator":{"name":"functions"},"function":{"name":"us-central1-api"},"extension":{},"message":"\u001b[90m> \u001b[39m PaymentIntent client secret: pi_3RVaArH0vBxmYy2e1jQ1tLvy_secret_KLObSSjuTWoCAri4UBjW0BLL7"}}
[debug] [2025-06-02T15:22:12.792Z] Finishing up request with event=pause {"metadata":{"emulator":{"name":"functions"},"function":{"name":"us-central1-api"},"extension":{},"message":"Finishing up request with event=pause"}}
[info] i  functions: Finished "us-central1-api" in 1211.6872ms {"metadata":{"emulator":{"name":"functions"},"function":{"name":"us-central1-api"},"extension":{},"message":"Finished \"us-central1-api\" in 1211.6872ms"}}
[debug] [2025-06-02T15:22:12.834Z] [worker-us-central1-api-100e102c-de3f-43c8-aae4-98a64d783fdc]: IDLE {"metadata":{"emulator":{"name":"functions"},"function":{"name":"us-central1-api"},"extension":{},"message":"[worker-us-central1-api-100e102c-de3f-43c8-aae4-98a64d783fdc]: IDLE"}}
[debug] [2025-06-02T15:22:12.835Z] Finishing up request with event=finish {"metadata":{"emulator":{"name":"functions"},"function":{"name":"us-central1-api"},"extension":{},"message":"Finishing up request with event=finish"}}
[debug] [2025-06-02T15:22:12.835Z] Finishing up request with event=close {"metadata":{"emulator":{"name":"functions"},"function":{"name":"us-central1-api"},"extension":{},"message":"Finishing up request with event=close"}}
[debug] [2025-06-02T15:22:12.835Z] [work-queue] {"queuedWork":[],"queueLength":0,"runningWork":["/updated-clone-bd7d3/us-central1/api/payments/create-2025-06-02T15:22:02.062Z"],"workRunningCount":1}
[info] >  PaymentIntent client secret: pi_3RVaArH0vBxmYy2e0csniASg_secret_4yIubB8ZJPmoA1araDzY0jHcq {"user":"PaymentIntent client secret: pi_3RVaArH0vBxmYy2e0csniASg_secret_4yIubB8ZJPmoA1araDzY0jHcq","metadata":{"emulator":{"name":"functions"},"function":{"name":"us-central1-api"},"extension":{},"message":"\u001b[90m> \u001b[39m PaymentIntent client secret: pi_3RVaArH0vBxmYy2e0csniASg_secret_4yIubB8ZJPmoA1araDzY0jHcq"}}
[debug] [2025-06-02T15:22:12.856Z] Finishing up request with event=pause {"metadata":{"emulator":{"name":"functions"},"function":{"name":"us-central1-api"},"extension":{},"message":"Finishing up request with event=pause"}}
[info] i  functions: Finished "us-central1-api" in 1284.4822ms {"metadata":{"emulator":{"name":"functions"},"function":{"name":"us-central1-api"},"extension":{},"message":"Finished \"us-central1-api\" in 1284.4822ms"}}
[debug] [2025-06-02T15:22:12.894Z] [worker-us-central1-api-7d8cb27f-ace8-4d27-b6c9-3b2a0364c2d7]: IDLE {"metadata":{"emulator":{"name":"functions"},"function":{"name":"us-central1-api"},"extension":{},"message":"[worker-us-central1-api-7d8cb27f-ace8-4d27-b6c9-3b2a0364c2d7]: IDLE"}}
[debug] [2025-06-02T15:22:12.894Z] Finishing up request with event=finish {"metadata":{"emulator":{"name":"functions"},"function":{"name":"us-central1-api"},"extension":{},"message":"Finishing up request with event=finish"}}
[debug] [2025-06-02T15:22:12.894Z] Finishing up request with event=close {"metadata":{"emulator":{"name":"functions"},"function":{"name":"us-central1-api"},"extension":{},"message":"Finishing up request with event=close"}}
[debug] [2025-06-02T15:22:12.899Z] [work-queue] {"queuedWork":[],"queueLength":0,"runningWork":[],"workRunningCount":0}
[debug] [2025-06-02T15:22:42.008Z] [work-queue] {"queuedWork":["/updated-clone-bd7d3/us-central1/api/payments/create-2025-06-02T15:22:42.007Z"],"queueLength":1,"runningWork":[],"workRunningCount":0}
[debug] [2025-06-02T15:22:42.008Z] [work-queue] {"queuedWork":[],"queueLength":0,"runningWork":["/updated-clone-bd7d3/us-central1/api/payments/create-2025-06-02T15:22:42.007Z"],"workRunningCount":1}
[debug] [2025-06-02T15:22:42.008Z] Accepted request POST /updated-clone-bd7d3/us-central1/api/payments/create?total=202527 --> us-central1-api
[debug] [2025-06-02T15:22:42.016Z] [functions] Runtime ready! Sending request! {"metadata":{"emulator":{"name":"functions"},"message":"[functions] Runtime ready! Sending request!"}}
[debug] [2025-06-02T15:22:42.016Z] [functions] Got req.url=/updated-clone-bd7d3/us-central1/api/payments/create?total=202527, mapping to path=/payments/create?total=202527 {"metadata":{"emulator":{"name":"functions"},"message":"[functions] Got req.url=/updated-clone-bd7d3/us-central1/api/payments/create?total=202527, mapping to path=/payments/create?total=202527"}}
[debug] [2025-06-02T15:22:42.017Z] [worker-pool] submitRequest(triggerId=us-central1-api) {"metadata":{"emulator":{"name":"functions"},"message":"[worker-pool] submitRequest(triggerId=us-central1-api)"}}
[info] i  functions: Beginning execution of "us-central1-api" {"metadata":{"emulator":{"name":"functions"},"function":{"name":"us-central1-api"},"extension":{},"message":"Beginning execution of \"us-central1-api\""}}
[debug] [2025-06-02T15:22:42.194Z] [worker-us-central1-api-100e102c-de3f-43c8-aae4-98a64d783fdc]: BUSY {"metadata":{"emulator":{"name":"functions"},"function":{"name":"us-central1-api"},"extension":{},"message":"[worker-us-central1-api-100e102c-de3f-43c8-aae4-98a64d783fdc]: BUSY"}}
[debug] [2025-06-02T15:22:42.207Z] [work-queue] {"queuedWork":["/updated-clone-bd7d3/us-central1/api/payments/create-2025-06-02T15:22:42.206Z"],"queueLength":1,"runningWork":["/updated-clone-bd7d3/us-central1/api/payments/create-2025-06-02T15:22:42.007Z"],"workRunningCount":1}
[debug] [2025-06-02T15:22:42.207Z] [work-queue] {"queuedWork":[],"queueLength":0,"runningWork":["/updated-clone-bd7d3/us-central1/api/payments/create-2025-06-02T15:22:42.007Z","/updated-clone-bd7d3/us-central1/api/payments/create-2025-06-02T15:22:42.206Z"],"workRunningCount":2}
[debug] [2025-06-02T15:22:42.207Z] Accepted request POST /updated-clone-bd7d3/us-central1/api/payments/create?total=202527 --> us-central1-api
[debug] [2025-06-02T15:22:42.230Z] [functions] Runtime ready! Sending request! {"metadata":{"emulator":{"name":"functions"},"message":"[functions] Runtime ready! Sending request!"}}
[debug] [2025-06-02T15:22:42.230Z] [functions] Got req.url=/updated-clone-bd7d3/us-central1/api/payments/create?total=202527, mapping to path=/payments/create?total=202527 {"metadata":{"emulator":{"name":"functions"},"message":"[functions] Got req.url=/updated-clone-bd7d3/us-central1/api/payments/create?total=202527, mapping to path=/payments/create?total=202527"}}
[debug] [2025-06-02T15:22:42.231Z] [worker-pool] submitRequest(triggerId=us-central1-api) {"metadata":{"emulator":{"name":"functions"},"message":"[worker-pool] submitRequest(triggerId=us-central1-api)"}}
[info] i  functions: Beginning execution of "us-central1-api" {"metadata":{"emulator":{"name":"functions"},"function":{"name":"us-central1-api"},"extension":{},"message":"Beginning execution of \"us-central1-api\""}}
[debug] [2025-06-02T15:22:42.469Z] [worker-us-central1-api-7d8cb27f-ace8-4d27-b6c9-3b2a0364c2d7]: BUSY {"metadata":{"emulator":{"name":"functions"},"function":{"name":"us-central1-api"},"extension":{},"message":"[worker-us-central1-api-7d8cb27f-ace8-4d27-b6c9-3b2a0364c2d7]: BUSY"}}
[info] >  Payment request received  202527 {"user":"Payment request received  202527","metadata":{"emulator":{"name":"functions"},"function":{"name":"us-central1-api"},"extension":{},"message":"\u001b[90m> \u001b[39m Payment request received  202527"}}
[info] >  Payment request received  202527 {"user":"Payment request received  202527","metadata":{"emulator":{"name":"functions"},"function":{"name":"us-central1-api"},"extension":{},"message":"\u001b[90m> \u001b[39m Payment request received  202527"}}
[info] >  PaymentIntent client secret: pi_3RVaBMH0vBxmYy2e1NYcqIvu_secret_H9x47dHCxnoILkeCxiZf9Ulty {"user":"PaymentIntent client secret: pi_3RVaBMH0vBxmYy2e1NYcqIvu_secret_H9x47dHCxnoILkeCxiZf9Ulty","metadata":{"emulator":{"name":"functions"},"function":{"name":"us-central1-api"},"extension":{},"message":"\u001b[90m> \u001b[39m PaymentIntent client secret: pi_3RVaBMH0vBxmYy2e1NYcqIvu_secret_H9x47dHCxnoILkeCxiZf9Ulty"}}
[debug] [2025-06-02T15:22:43.326Z] Finishing up request with event=pause {"metadata":{"emulator":{"name":"functions"},"function":{"name":"us-central1-api"},"extension":{},"message":"Finishing up request with event=pause"}}
[info] i  functions: Finished "us-central1-api" in 1133.3486ms {"metadata":{"emulator":{"name":"functions"},"function":{"name":"us-central1-api"},"extension":{},"message":"Finished \"us-central1-api\" in 1133.3486ms"}}
[debug] [2025-06-02T15:22:43.567Z] [worker-us-central1-api-100e102c-de3f-43c8-aae4-98a64d783fdc]: IDLE {"metadata":{"emulator":{"name":"functions"},"function":{"name":"us-central1-api"},"extension":{},"message":"[worker-us-central1-api-100e102c-de3f-43c8-aae4-98a64d783fdc]: IDLE"}}
[debug] [2025-06-02T15:22:43.573Z] Finishing up request with event=finish {"metadata":{"emulator":{"name":"functions"},"function":{"name":"us-central1-api"},"extension":{},"message":"Finishing up request with event=finish"}}
[debug] [2025-06-02T15:22:43.573Z] Finishing up request with event=close {"metadata":{"emulator":{"name":"functions"},"function":{"name":"us-central1-api"},"extension":{},"message":"Finishing up request with event=close"}}
[debug] [2025-06-02T15:22:43.574Z] [work-queue] {"queuedWork":[],"queueLength":0,"runningWork":["/updated-clone-bd7d3/us-central1/api/payments/create-2025-06-02T15:22:42.206Z"],"workRunningCount":1}
[info] >  PaymentIntent client secret: pi_3RVaBMH0vBxmYy2e1CTyXc8q_secret_fsd8EAdlttmEMIVK9Up2Cxcot {"user":"PaymentIntent client secret: pi_3RVaBMH0vBxmYy2e1CTyXc8q_secret_fsd8EAdlttmEMIVK9Up2Cxcot","metadata":{"emulator":{"name":"functions"},"function":{"name":"us-central1-api"},"extension":{},"message":"\u001b[90m> \u001b[39m PaymentIntent client secret: pi_3RVaBMH0vBxmYy2e1CTyXc8q_secret_fsd8EAdlttmEMIVK9Up2Cxcot"}}
[debug] [2025-06-02T15:22:43.737Z] Finishing up request with event=pause {"metadata":{"emulator":{"name":"functions"},"function":{"name":"us-central1-api"},"extension":{},"message":"Finishing up request with event=pause"}}
[info] i  functions: Finished "us-central1-api" in 1270.3678ms {"metadata":{"emulator":{"name":"functions"},"function":{"name":"us-central1-api"},"extension":{},"message":"Finished \"us-central1-api\" in 1270.3678ms"}}
[debug] [2025-06-02T15:22:43.857Z] [worker-us-central1-api-7d8cb27f-ace8-4d27-b6c9-3b2a0364c2d7]: IDLE {"metadata":{"emulator":{"name":"functions"},"function":{"name":"us-central1-api"},"extension":{},"message":"[worker-us-central1-api-7d8cb27f-ace8-4d27-b6c9-3b2a0364c2d7]: IDLE"}}
[debug] [2025-06-02T15:22:43.857Z] Finishing up request with event=finish {"metadata":{"emulator":{"name":"functions"},"function":{"name":"us-central1-api"},"extension":{},"message":"Finishing up request with event=finish"}}
[debug] [2025-06-02T15:22:43.857Z] Finishing up request with event=close {"metadata":{"emulator":{"name":"functions"},"function":{"name":"us-central1-api"},"extension":{},"message":"Finishing up request with event=close"}}
[debug] [2025-06-02T15:22:43.858Z] [work-queue] {"queuedWork":[],"queueLength":0,"runningWork":[],"workRunningCount":0}
[debug] [2025-06-02T15:31:21.179Z] File C:\Users\Gladys\OneDrive\Desktop\amazon-clone\amazon-clone\functions\index.js changed, reloading triggers {"metadata":{"emulator":{"name":"functions"},"message":"File C:\\Users\\Gladys\\OneDrive\\Desktop\\amazon-clone\\amazon-clone\\functions\\index.js changed, reloading triggers"}}
[debug] [2025-06-02T15:31:21.261Z] File C:\Users\Gladys\OneDrive\Desktop\amazon-clone\amazon-clone\functions\index.js changed, reloading triggers {"metadata":{"emulator":{"name":"functions"},"message":"File C:\\Users\\Gladys\\OneDrive\\Desktop\\amazon-clone\\amazon-clone\\functions\\index.js changed, reloading triggers"}}
[debug] [2025-06-02T15:31:22.315Z] Validating nodejs source
[debug] [2025-06-02T15:31:27.586Z] > [functions] package.json contents: {
  "name": "functions",
  "description": "Cloud Functions for Firebase",
  "scripts": {
    "lint": "eslint .",
    "serve": "firebase emulators:start --only functions",
    "shell": "firebase functions:shell",
    "start": "npm run shell",
    "deploy": "firebase deploy --only functions",
    "logs": "firebase functions:log"
  },
  "engines": {
    "node": "22"
  },
  "main": "index.js",
  "dependencies": {
    "cors": "^2.8.5",
    "express": "^5.1.0",
    "firebase-admin": "^12.6.0",
    "firebase-functions": "^6.0.1",
    "stripe": "^18.0.0"
  },
  "devDependencies": {
    "eslint": "^8.15.0",
    "eslint-config-google": "^0.14.0",
    "firebase-functions-test": "^3.1.0"
  },
  "private": true
}
[debug] [2025-06-02T15:31:27.588Z] Building nodejs source
[debug] [2025-06-02T15:31:27.589Z] Failed to find version of module node: reached end of search path C:\Users\Gladys\OneDrive\Desktop\amazon-clone\amazon-clone\functions\node_modules
[info] +  functions: Using node@22 from host. 
[debug] [2025-06-02T15:31:27.726Z] Could not find functions.yaml. Must use http discovery
[debug] [2025-06-02T15:31:27.810Z] Found firebase-functions binary at 'C:\Users\Gladys\OneDrive\Desktop\amazon-clone\amazon-clone\functions\node_modules\.bin\firebase-functions'
[debug] [2025-06-02T15:31:27.854Z] File C:\Users\Gladys\OneDrive\Desktop\amazon-clone\amazon-clone\functions\index.js changed, reloading triggers {"metadata":{"emulator":{"name":"functions"},"message":"File C:\\Users\\Gladys\\OneDrive\\Desktop\\amazon-clone\\amazon-clone\\functions\\index.js changed, reloading triggers"}}
[debug] [2025-06-02T15:31:28.861Z] Validating nodejs source
[debug] [2025-06-02T15:31:36.316Z] > [functions] package.json contents: {
  "name": "functions",
  "description": "Cloud Functions for Firebase",
  "scripts": {
    "lint": "eslint .",
    "serve": "firebase emulators:start --only functions",
    "shell": "firebase functions:shell",
    "start": "npm run shell",
    "deploy": "firebase deploy --only functions",
    "logs": "firebase functions:log"
  },
  "engines": {
    "node": "22"
  },
  "main": "index.js",
  "dependencies": {
    "cors": "^2.8.5",
    "express": "^5.1.0",
    "firebase-admin": "^12.6.0",
    "firebase-functions": "^6.0.1",
    "stripe": "^18.0.0"
  },
  "devDependencies": {
    "eslint": "^8.15.0",
    "eslint-config-google": "^0.14.0",
    "firebase-functions-test": "^3.1.0"
  },
  "private": true
}
[debug] [2025-06-02T15:31:36.318Z] Building nodejs source
[debug] [2025-06-02T15:31:36.319Z] Failed to find version of module node: reached end of search path C:\Users\Gladys\OneDrive\Desktop\amazon-clone\amazon-clone\functions\node_modules
[info] +  functions: Using node@22 from host. 
[debug] [2025-06-02T15:31:36.329Z] Could not find functions.yaml. Must use http discovery
[debug] [2025-06-02T15:31:36.349Z] Found firebase-functions binary at 'C:\Users\Gladys\OneDrive\Desktop\amazon-clone\amazon-clone\functions\node_modules\.bin\firebase-functions'
[info] Serving at port 8957

[info] Serving at port 8072

[error] Error: Neither apiKey nor config.authenticator provided
    at Stripe._setAuthenticator (C:\Users\Gladys\OneDrive\Desktop\amazon-clone\amazon-clone\functions\node_modules\stripe\cjs\stripe.core.js:155:23)
    at new Stripe (C:\Users\Gladys\OneDrive\Desktop\amazon-clone\amazon-clone\functions\node_modules\stripe\cjs\stripe.core.js:93:14)
    at Stripe (C:\Users\Gladys\OneDrive\Desktop\amazon-clone\amazon-clone\functions\node_modules\stripe\cjs\stripe.core.js:49:20)
    at Object.<anonymous> (C:\Users\Gladys\OneDrive\Desktop\amazon-clone\amazon-clone\functions\index.js:5:33)
    at Module._compile (node:internal/modules/cjs/loader:1730:14)
    at Object..js (node:internal/modules/cjs/loader:1895:10)
    at Module.load (node:internal/modules/cjs/loader:1465:32)
    at Function._load (node:internal/modules/cjs/loader:1282:12)
    at TracingChannel.traceSync (node:diagnostics_channel:322:14)
    at wrapModuleLoad (node:internal/modules/cjs/loader:235:24)

[error] Error: Neither apiKey nor config.authenticator provided
    at Stripe._setAuthenticator (C:\Users\Gladys\OneDrive\Desktop\amazon-clone\amazon-clone\functions\node_modules\stripe\cjs\stripe.core.js:155:23)
    at new Stripe (C:\Users\Gladys\OneDrive\Desktop\amazon-clone\amazon-clone\functions\node_modules\stripe\cjs\stripe.core.js:93:14)
    at Stripe (C:\Users\Gladys\OneDrive\Desktop\amazon-clone\amazon-clone\functions\node_modules\stripe\cjs\stripe.core.js:49:20)
    at Object.<anonymous> (C:\Users\Gladys\OneDrive\Desktop\amazon-clone\amazon-clone\functions\index.js:5:33)
    at Module._compile (node:internal/modules/cjs/loader:1730:14)
    at Object..js (node:internal/modules/cjs/loader:1895:10)
    at Module.load (node:internal/modules/cjs/loader:1465:32)
    at Function._load (node:internal/modules/cjs/loader:1282:12)
    at TracingChannel.traceSync (node:diagnostics_channel:322:14)
    at wrapModuleLoad (node:internal/modules/cjs/loader:235:24)

[debug] [2025-06-02T15:31:42.102Z] Got response code 400; body Failed to generate manifest from function source: Error: Neither apiKey nor config.authenticator provided
[error] !!  functions: Failed to load function definition from source: FirebaseError: User code failed to load. Cannot determine backend specification. Timeout after 10000. See https://firebase.google.com/docs/functions/tips#avoid_deployment_timeouts_during_initialization' {"metadata":{"emulator":{"name":"functions"},"message":"Failed to load function definition from source: FirebaseError: User code failed to load. Cannot determine backend specification. Timeout after 10000. See https://firebase.google.com/docs/functions/tips#avoid_deployment_timeouts_during_initialization'"}}
[error] !!  functions: Failed to load function definition from source: FirebaseError: Functions codebase could not be analyzed successfully. It may have a syntax or runtime error {"metadata":{"emulator":{"name":"functions"},"message":"Failed to load function definition from source: FirebaseError: Functions codebase could not be analyzed successfully. It may have a syntax or runtime error"}}
[debug] [2025-06-02T15:33:33.296Z] File C:\Users\Gladys\OneDrive\Desktop\amazon-clone\amazon-clone\functions\index.js changed, reloading triggers {"metadata":{"emulator":{"name":"functions"},"message":"File C:\\Users\\Gladys\\OneDrive\\Desktop\\amazon-clone\\amazon-clone\\functions\\index.js changed, reloading triggers"}}
[debug] [2025-06-02T15:33:34.308Z] Validating nodejs source
[debug] [2025-06-02T15:33:39.632Z] > [functions] package.json contents: {
  "name": "functions",
  "description": "Cloud Functions for Firebase",
  "scripts": {
    "lint": "eslint .",
    "serve": "firebase emulators:start --only functions",
    "shell": "firebase functions:shell",
    "start": "npm run shell",
    "deploy": "firebase deploy --only functions",
    "logs": "firebase functions:log"
  },
  "engines": {
    "node": "22"
  },
  "main": "index.js",
  "dependencies": {
    "cors": "^2.8.5",
    "express": "^5.1.0",
    "firebase-admin": "^12.6.0",
    "firebase-functions": "^6.0.1",
    "stripe": "^18.0.0"
  },
  "devDependencies": {
    "eslint": "^8.15.0",
    "eslint-config-google": "^0.14.0",
    "firebase-functions-test": "^3.1.0"
  },
  "private": true
}
[debug] [2025-06-02T15:33:39.632Z] Building nodejs source
[debug] [2025-06-02T15:33:39.633Z] Failed to find version of module node: reached end of search path C:\Users\Gladys\OneDrive\Desktop\amazon-clone\amazon-clone\functions\node_modules
[info] +  functions: Using node@22 from host. 
[info] i  functions: Loaded environment variables from .env. 
[debug] [2025-06-02T15:33:39.645Z] Could not find functions.yaml. Must use http discovery
[debug] [2025-06-02T15:33:39.666Z] Found firebase-functions binary at 'C:\Users\Gladys\OneDrive\Desktop\amazon-clone\amazon-clone\functions\node_modules\.bin\firebase-functions'
[debug] [2025-06-02T15:33:39.685Z] File C:\Users\Gladys\OneDrive\Desktop\amazon-clone\amazon-clone\functions\index.js changed, reloading triggers {"metadata":{"emulator":{"name":"functions"},"message":"File C:\\Users\\Gladys\\OneDrive\\Desktop\\amazon-clone\\amazon-clone\\functions\\index.js changed, reloading triggers"}}
[debug] [2025-06-02T15:33:39.754Z] File C:\Users\Gladys\OneDrive\Desktop\amazon-clone\amazon-clone\functions\index.js changed, reloading triggers {"metadata":{"emulator":{"name":"functions"},"message":"File C:\\Users\\Gladys\\OneDrive\\Desktop\\amazon-clone\\amazon-clone\\functions\\index.js changed, reloading triggers"}}
[debug] [2025-06-02T15:33:40.826Z] Validating nodejs source
[debug] [2025-06-02T15:33:44.457Z] > [functions] package.json contents: {
  "name": "functions",
  "description": "Cloud Functions for Firebase",
  "scripts": {
    "lint": "eslint .",
    "serve": "firebase emulators:start --only functions",
    "shell": "firebase functions:shell",
    "start": "npm run shell",
    "deploy": "firebase deploy --only functions",
    "logs": "firebase functions:log"
  },
  "engines": {
    "node": "22"
  },
  "main": "index.js",
  "dependencies": {
    "cors": "^2.8.5",
    "express": "^5.1.0",
    "firebase-admin": "^12.6.0",
    "firebase-functions": "^6.0.1",
    "stripe": "^18.0.0"
  },
  "devDependencies": {
    "eslint": "^8.15.0",
    "eslint-config-google": "^0.14.0",
    "firebase-functions-test": "^3.1.0"
  },
  "private": true
}
[debug] [2025-06-02T15:33:44.458Z] Building nodejs source
[debug] [2025-06-02T15:33:44.458Z] Failed to find version of module node: reached end of search path C:\Users\Gladys\OneDrive\Desktop\amazon-clone\amazon-clone\functions\node_modules
[info] +  functions: Using node@22 from host. 
[error] !!  functions: Failed to load function definition from source: FirebaseError: Failed to load environment variables from .env. {"metadata":{"emulator":{"name":"functions"},"message":"Failed to load function definition from source: FirebaseError: Failed to load environment variables from .env."}}
[info] Serving at port 8226

[error] Error: Neither apiKey nor config.authenticator provided
    at Stripe._setAuthenticator (C:\Users\Gladys\OneDrive\Desktop\amazon-clone\amazon-clone\functions\node_modules\stripe\cjs\stripe.core.js:155:23)
    at new Stripe (C:\Users\Gladys\OneDrive\Desktop\amazon-clone\amazon-clone\functions\node_modules\stripe\cjs\stripe.core.js:93:14)
    at Stripe (C:\Users\Gladys\OneDrive\Desktop\amazon-clone\amazon-clone\functions\node_modules\stripe\cjs\stripe.core.js:49:20)
    at Object.<anonymous> (C:\Users\Gladys\OneDrive\Desktop\amazon-clone\amazon-clone\functions\index.js:5:33)
    at Module._compile (node:internal/modules/cjs/loader:1730:14)
    at Object..js (node:internal/modules/cjs/loader:1895:10)
    at Module.load (node:internal/modules/cjs/loader:1465:32)
    at Function._load (node:internal/modules/cjs/loader:1282:12)
    at TracingChannel.traceSync (node:diagnostics_channel:322:14)
    at wrapModuleLoad (node:internal/modules/cjs/loader:235:24)

[debug] [2025-06-02T15:33:46.980Z] Got response code 400; body Failed to generate manifest from function source: Error: Neither apiKey nor config.authenticator provided
[error] !!  functions: Failed to load function definition from source: FirebaseError: Functions codebase could not be analyzed successfully. It may have a syntax or runtime error {"metadata":{"emulator":{"name":"functions"},"message":"Failed to load function definition from source: FirebaseError: Functions codebase could not be analyzed successfully. It may have a syntax or runtime error"}}
[debug] [2025-06-02T15:34:27.641Z] File C:\Users\Gladys\OneDrive\Desktop\amazon-clone\amazon-clone\functions\package.json changed, reloading triggers {"metadata":{"emulator":{"name":"functions"},"message":"File C:\\Users\\Gladys\\OneDrive\\Desktop\\amazon-clone\\amazon-clone\\functions\\package.json changed, reloading triggers"}}
[debug] [2025-06-02T15:34:27.732Z] File C:\Users\Gladys\OneDrive\Desktop\amazon-clone\amazon-clone\functions\package.json changed, reloading triggers {"metadata":{"emulator":{"name":"functions"},"message":"File C:\\Users\\Gladys\\OneDrive\\Desktop\\amazon-clone\\amazon-clone\\functions\\package.json changed, reloading triggers"}}
[debug] [2025-06-02T15:34:28.734Z] File C:\Users\Gladys\OneDrive\Desktop\amazon-clone\amazon-clone\functions\package-lock.json changed, reloading triggers {"metadata":{"emulator":{"name":"functions"},"message":"File C:\\Users\\Gladys\\OneDrive\\Desktop\\amazon-clone\\amazon-clone\\functions\\package-lock.json changed, reloading triggers"}}
[debug] [2025-06-02T15:34:28.735Z] Validating nodejs source
[debug] [2025-06-02T15:34:35.043Z] > [functions] package.json contents: {
  "name": "functions",
  "description": "Cloud Functions for Firebase",
  "scripts": {
    "lint": "eslint .",
    "serve": "firebase emulators:start --only functions",
    "shell": "firebase functions:shell",
    "start": "npm run shell",
    "deploy": "firebase deploy --only functions",
    "logs": "firebase functions:log"
  },
  "engines": {
    "node": "22"
  },
  "main": "index.js",
  "dependencies": {
    "cors": "^2.8.5",
    "dotenv": "^16.5.0",
    "express": "^5.1.0",
    "firebase-admin": "^12.6.0",
    "firebase-functions": "^6.0.1",
    "stripe": "^18.0.0"
  },
  "devDependencies": {
    "eslint": "^8.15.0",
    "eslint-config-google": "^0.14.0",
    "firebase-functions-test": "^3.1.0"
  },
  "private": true
}
[debug] [2025-06-02T15:34:35.044Z] Building nodejs source
[debug] [2025-06-02T15:34:35.044Z] Failed to find version of module node: reached end of search path C:\Users\Gladys\OneDrive\Desktop\amazon-clone\amazon-clone\functions\node_modules
[info] +  functions: Using node@22 from host. 
[error] !!  functions: Failed to load function definition from source: FirebaseError: Failed to load environment variables from .env. {"metadata":{"emulator":{"name":"functions"},"message":"Failed to load function definition from source: FirebaseError: Failed to load environment variables from .env."}}
[debug] [2025-06-02T15:34:35.052Z] Validating nodejs source
[debug] [2025-06-02T15:34:37.340Z] > [functions] package.json contents: {
  "name": "functions",
  "description": "Cloud Functions for Firebase",
  "scripts": {
    "lint": "eslint .",
    "serve": "firebase emulators:start --only functions",
    "shell": "firebase functions:shell",
    "start": "npm run shell",
    "deploy": "firebase deploy --only functions",
    "logs": "firebase functions:log"
  },
  "engines": {
    "node": "22"
  },
  "main": "index.js",
  "dependencies": {
    "cors": "^2.8.5",
    "dotenv": "^16.5.0",
    "express": "^5.1.0",
    "firebase-admin": "^12.6.0",
    "firebase-functions": "^6.0.1",
    "stripe": "^18.0.0"
  },
  "devDependencies": {
    "eslint": "^8.15.0",
    "eslint-config-google": "^0.14.0",
    "firebase-functions-test": "^3.1.0"
  },
  "private": true
}
[debug] [2025-06-02T15:34:37.341Z] Building nodejs source
[debug] [2025-06-02T15:34:37.341Z] Failed to find version of module node: reached end of search path C:\Users\Gladys\OneDrive\Desktop\amazon-clone\amazon-clone\functions\node_modules
[info] +  functions: Using node@22 from host. 
[error] !!  functions: Failed to load function definition from source: FirebaseError: Failed to load environment variables from .env. {"metadata":{"emulator":{"name":"functions"},"message":"Failed to load function definition from source: FirebaseError: Failed to load environment variables from .env."}}
[debug] [2025-06-02T15:34:37.346Z] File C:\Users\Gladys\OneDrive\Desktop\amazon-clone\amazon-clone\functions\package-lock.json changed, reloading triggers {"metadata":{"emulator":{"name":"functions"},"message":"File C:\\Users\\Gladys\\OneDrive\\Desktop\\amazon-clone\\amazon-clone\\functions\\package-lock.json changed, reloading triggers"}}
[debug] [2025-06-02T15:34:38.361Z] Validating nodejs source
[debug] [2025-06-02T15:34:41.223Z] > [functions] package.json contents: {
  "name": "functions",
  "description": "Cloud Functions for Firebase",
  "scripts": {
    "lint": "eslint .",
    "serve": "firebase emulators:start --only functions",
    "shell": "firebase functions:shell",
    "start": "npm run shell",
    "deploy": "firebase deploy --only functions",
    "logs": "firebase functions:log"
  },
  "engines": {
    "node": "22"
  },
  "main": "index.js",
  "dependencies": {
    "cors": "^2.8.5",
    "dotenv": "^16.5.0",
    "express": "^5.1.0",
    "firebase-admin": "^12.6.0",
    "firebase-functions": "^6.0.1",
    "stripe": "^18.0.0"
  },
  "devDependencies": {
    "eslint": "^8.15.0",
    "eslint-config-google": "^0.14.0",
    "firebase-functions-test": "^3.1.0"
  },
  "private": true
}
[debug] [2025-06-02T15:34:41.223Z] Building nodejs source
[debug] [2025-06-02T15:34:41.224Z] Failed to find version of module node: reached end of search path C:\Users\Gladys\OneDrive\Desktop\amazon-clone\amazon-clone\functions\node_modules
[info] +  functions: Using node@22 from host. 
[error] !!  functions: Failed to load function definition from source: FirebaseError: Failed to load environment variables from .env. {"metadata":{"emulator":{"name":"functions"},"message":"Failed to load function definition from source: FirebaseError: Failed to load environment variables from .env."}}
